<?xml version="1.0" encoding="UTF-8"?>
<coverage generated="1567028503571" clover="3.2.0">
  <project timestamp="1567028503571" name="All files">
    <metrics statements="14" coveredstatements="14" conditionals="0" coveredconditionals="0" methods="3" coveredmethods="3" elements="17" coveredelements="17" complexity="0" loc="14" ncloc="14" packages="1" files="1" classes="1"/>
    <file name="dummy_data.js" path="/Users/arashabbasi/hackreactor/FEC/Popular-Dishes/database/dummy_data.js">
      <metrics statements="14" coveredstatements="14" conditionals="0" coveredconditionals="0" methods="3" coveredmethods="3"/>
      <line num="1" count="1" type="stmt"/>
      <line num="3" count="1" type="stmt"/>
      <line num="4" count="500" type="stmt"/>
      <line num="5" count="500" type="stmt"/>
      <line num="7" count="1" type="stmt"/>
      <line num="8" count="1000" type="stmt"/>
      <line num="9" count="1000" type="stmt"/>
      <line num="12" count="1" type="stmt"/>
      <line num="13" count="1" type="stmt"/>
      <line num="14" count="1" type="stmt"/>
      <line num="15" count="100" type="stmt"/>
      <line num="54" count="100" type="stmt"/>
      <line num="56" count="1" type="stmt"/>
      <line num="59" count="1" type="stmt"/>
    </file>
  </project>
</coverage>
